[debug] [2022-10-06T13:21:15.160Z] ----------------------------------------------------------------------
[debug] [2022-10-06T13:21:15.163Z] Command:       C:\Program Files\nodejs\node.exe C:\Users\fabra\AppData\Roaming\npm\node_modules\firebase-tools\lib\bin\firebase.js init
[debug] [2022-10-06T13:21:15.163Z] CLI Version:   11.14.0
[debug] [2022-10-06T13:21:15.163Z] Platform:      win32
[debug] [2022-10-06T13:21:15.163Z] Node Version:  v16.17.1
[debug] [2022-10-06T13:21:15.174Z] Time:          Thu Oct 06 2022 14:21:15 GMT+0100 (Irish Standard Time)
[debug] [2022-10-06T13:21:15.174Z] ----------------------------------------------------------------------
[debug] 
[debug] [2022-10-06T13:21:15.271Z] > command requires scopes: ["email","openid","https://www.googleapis.com/auth/cloudplatformprojects.readonly","https://www.googleapis.com/auth/firebase","https://www.googleapis.com/auth/cloud-platform"]
[debug] [2022-10-06T13:21:15.272Z] > authorizing via signed-in user (fabraga@gmail.com)
[info] 
     ######## #### ########  ######## ########     ###     ######  ########
     ##        ##  ##     ## ##       ##     ##  ##   ##  ##       ##
     ######    ##  ########  ######   ########  #########  ######  ######
     ##        ##  ##    ##  ##       ##     ## ##     ##       ## ##
     ##       #### ##     ## ######## ########  ##     ##  ######  ########

You're about to initialize a Firebase project in this directory:

  C:\DOC\PROJ\MEAN\FABRAGA\fabraga-chat

Before we get started, keep in mind:

  * You are currently outside your home directory
  * You are initializing within an existing Firebase project directory

[info] 
=== Project Setup
[info] 
[info] First, let's associate this project directory with a Firebase project.
[info] You can create multiple project aliases by running firebase use --add, 
[info] but for now we'll just set up a default project.
[info] 
[debug] [2022-10-06T13:21:33.252Z] Using project from CLI flag: fabraga-chat
[debug] [2022-10-06T13:21:33.256Z] > refreshing access token with scopes: []
[debug] [2022-10-06T13:21:33.259Z] >>> [apiv2][query] POST https://www.googleapis.com/oauth2/v3/token [none]
[debug] [2022-10-06T13:21:33.259Z] >>> [apiv2][body] POST https://www.googleapis.com/oauth2/v3/token [omitted]
[debug] [2022-10-06T13:21:33.722Z] <<< [apiv2][status] POST https://www.googleapis.com/oauth2/v3/token 200
[debug] [2022-10-06T13:21:33.723Z] <<< [apiv2][body] POST https://www.googleapis.com/oauth2/v3/token [omitted]
[debug] [2022-10-06T13:21:33.737Z] >>> [apiv2][query] GET https://firebase.googleapis.com/v1beta1/projects/fabraga-chat [none]
[debug] [2022-10-06T13:21:34.371Z] <<< [apiv2][status] GET https://firebase.googleapis.com/v1beta1/projects/fabraga-chat 200
[debug] [2022-10-06T13:21:34.371Z] <<< [apiv2][body] GET https://firebase.googleapis.com/v1beta1/projects/fabraga-chat {"projectId":"fabraga-chat","projectNumber":"918971267222","displayName":"fabraga-chat","name":"projects/fabraga-chat","resources":{"hostingSite":"fabraga-chat"},"state":"ACTIVE","etag":"1_b327cfbd-056f-4845-8b5b-2e51fa818f08"}
[info] i  Using project fabraga-chat (fabraga-chat) 
[info] 
=== Functions Setup
[debug] [2022-10-06T13:21:34.385Z] > command requires scopes: ["email","openid","https://www.googleapis.com/auth/cloudplatformprojects.readonly","https://www.googleapis.com/auth/firebase","https://www.googleapis.com/auth/cloud-platform"]
[debug] [2022-10-06T13:21:34.386Z] > authorizing via signed-in user (fabraga@gmail.com)
[debug] [2022-10-06T13:21:34.387Z] [iam] checking project fabraga-chat for permissions ["firebase.projects.get"]
[debug] [2022-10-06T13:21:34.388Z] >>> [apiv2][query] POST https://cloudresourcemanager.googleapis.com/v1/projects/fabraga-chat:testIamPermissions [none]
[debug] [2022-10-06T13:21:34.388Z] >>> [apiv2][(partial)header] POST https://cloudresourcemanager.googleapis.com/v1/projects/fabraga-chat:testIamPermissions x-goog-quota-user=projects/fabraga-chat
[debug] [2022-10-06T13:21:34.388Z] >>> [apiv2][body] POST https://cloudresourcemanager.googleapis.com/v1/projects/fabraga-chat:testIamPermissions {"permissions":["firebase.projects.get"]}
[debug] [2022-10-06T13:21:35.211Z] <<< [apiv2][status] POST https://cloudresourcemanager.googleapis.com/v1/projects/fabraga-chat:testIamPermissions 200
[debug] [2022-10-06T13:21:35.211Z] <<< [apiv2][body] POST https://cloudresourcemanager.googleapis.com/v1/projects/fabraga-chat:testIamPermissions {"permissions":["firebase.projects.get"]}
[debug] [2022-10-06T13:21:35.212Z] >>> [apiv2][query] GET https://serviceusage.googleapis.com/v1/projects/fabraga-chat/services/cloudfunctions.googleapis.com [none]
[debug] [2022-10-06T13:21:35.212Z] >>> [apiv2][(partial)header] GET https://serviceusage.googleapis.com/v1/projects/fabraga-chat/services/cloudfunctions.googleapis.com x-goog-quota-user=projects/fabraga-chat
[debug] [2022-10-06T13:21:35.213Z] >>> [apiv2][query] GET https://serviceusage.googleapis.com/v1/projects/fabraga-chat/services/runtimeconfig.googleapis.com [none]
[debug] [2022-10-06T13:21:35.214Z] >>> [apiv2][(partial)header] GET https://serviceusage.googleapis.com/v1/projects/fabraga-chat/services/runtimeconfig.googleapis.com x-goog-quota-user=projects/fabraga-chat
[debug] [2022-10-06T13:21:36.127Z] <<< [apiv2][status] GET https://serviceusage.googleapis.com/v1/projects/fabraga-chat/services/runtimeconfig.googleapis.com 200
[debug] [2022-10-06T13:21:36.127Z] <<< [apiv2][body] GET https://serviceusage.googleapis.com/v1/projects/fabraga-chat/services/runtimeconfig.googleapis.com [omitted]
[debug] [2022-10-06T13:21:36.130Z] <<< [apiv2][status] GET https://serviceusage.googleapis.com/v1/projects/fabraga-chat/services/cloudfunctions.googleapis.com 200
[debug] [2022-10-06T13:21:36.130Z] <<< [apiv2][body] GET https://serviceusage.googleapis.com/v1/projects/fabraga-chat/services/cloudfunctions.googleapis.com [omitted]
[debug] [2022-10-06T13:21:36.130Z] >>> [apiv2][query] POST https://serviceusage.googleapis.com/v1/projects/fabraga-chat/services/cloudfunctions.googleapis.com:enable [none]
[debug] [2022-10-06T13:21:36.131Z] >>> [apiv2][(partial)header] POST https://serviceusage.googleapis.com/v1/projects/fabraga-chat/services/cloudfunctions.googleapis.com:enable x-goog-quota-user=projects/fabraga-chat
[debug] [2022-10-06T13:21:37.719Z] <<< [apiv2][status] POST https://serviceusage.googleapis.com/v1/projects/fabraga-chat/services/cloudfunctions.googleapis.com:enable 200
[debug] [2022-10-06T13:21:37.720Z] <<< [apiv2][body] POST https://serviceusage.googleapis.com/v1/projects/fabraga-chat/services/cloudfunctions.googleapis.com:enable [omitted]
